{"numFailedTestSuites":1,"numFailedTests":4,"numPassedTestSuites":0,"numPassedTests":0,"numPendingTestSuites":0,"numPendingTests":0,"numRuntimeErrorTestSuites":0,"numTodoTests":0,"numTotalTestSuites":1,"numTotalTests":4,"openHandles":[],"snapshot":{"added":0,"didUpdate":false,"failure":false,"filesAdded":0,"filesRemoved":0,"filesRemovedList":[],"filesUnmatched":0,"filesUpdated":0,"matched":0,"total":0,"unchecked":0,"uncheckedKeysByFile":[],"unmatched":0,"updated":0},"startTime":1787995701265,"success":false,"testResults":[{"assertionResults":[{"ancestorTitles":["Cart endpoints","POST /api/v1/cart/items"],"duration":1384,"failing":false,"failureDetails":[{}],"failureMessages":["Error: expected 200 \"OK\", got 400 \"Bad Request\"\n    at Object.expect (C:\\Users\\MY LAPTOP\\OneDrive\\Desktop\\Multi-Vendor E-Commerce Backend API\\tests\\cart.test.js:46:18)\n    at Promise.finally.completed (C:\\Users\\MY LAPTOP\\OneDrive\\Desktop\\Multi-Vendor E-Commerce Backend API\\node_modules\\jest-circus\\build\\jestAdapterInit.js:1561:28)\n    at new Promise (<anonymous>)\n    at callAsyncCircusFn (C:\\Users\\MY LAPTOP\\OneDrive\\Desktop\\Multi-Vendor E-Commerce Backend API\\node_modules\\jest-circus\\build\\jestAdapterInit.js:1501:10)\n    at _callCircusTest (C:\\Users\\MY LAPTOP\\OneDrive\\Desktop\\Multi-Vendor E-Commerce Backend API\\node_modules\\jest-circus\\build\\jestAdapterInit.js:1011:40)\n    at processTicksAndRejections (node:internal/process/task_queues:104:5)\n    at _runTest (C:\\Users\\MY LAPTOP\\OneDrive\\Desktop\\Multi-Vendor E-Commerce Backend API\\node_modules\\jest-circus\\build\\jestAdapterInit.js:951:3)\n    at C:\\Users\\MY LAPTOP\\OneDrive\\Desktop\\Multi-Vendor E-Commerce Backend API\\node_modules\\jest-circus\\build\\jestAdapterInit.js:853:7\n    at _runTestsForDescribeBlock (C:\\Users\\MY LAPTOP\\OneDrive\\Desktop\\Multi-Vendor E-Commerce Backend API\\node_modules\\jest-circus\\build\\jestAdapterInit.js:866:11)\n    at _runTestsForDescribeBlock (C:\\Users\\MY LAPTOP\\OneDrive\\Desktop\\Multi-Vendor E-Commerce Backend API\\node_modules\\jest-circus\\build\\jestAdapterInit.js:861:11)\n    at _runTestsForDescribeBlock (C:\\Users\\MY LAPTOP\\OneDrive\\Desktop\\Multi-Vendor E-Commerce Backend API\\node_modules\\jest-circus\\build\\jestAdapterInit.js:861:11)\n    at run (C:\\Users\\MY LAPTOP\\OneDrive\\Desktop\\Multi-Vendor E-Commerce Backend API\\node_modules\\jest-circus\\build\\jestAdapterInit.js:765:3)\n    at runAndTransformResultsToJestFormat (C:\\Users\\MY LAPTOP\\OneDrive\\Desktop\\Multi-Vendor E-Commerce Backend API\\node_modules\\jest-circus\\build\\jestAdapterInit.js:1993:21)\n    at jestAdapter (C:\\Users\\MY LAPTOP\\OneDrive\\Desktop\\Multi-Vendor E-Commerce Backend API\\node_modules\\jest-circus\\build\\runner.js:111:19)\n    at runTestInternal (C:\\Users\\MY LAPTOP\\OneDrive\\Desktop\\Multi-Vendor E-Commerce Backend API\\node_modules\\jest-runner\\build\\index.js:276:16)\n    at runTest (C:\\Users\\MY LAPTOP\\OneDrive\\Desktop\\Multi-Vendor E-Commerce Backend API\\node_modules\\jest-runner\\build\\index.js:344:7)\n----\n    at Test._assertStatus (C:\\Users\\MY LAPTOP\\OneDrive\\Desktop\\Multi-Vendor E-Commerce Backend API\\node_modules\\supertest\\lib\\test.js:309:14)\n    at C:\\Users\\MY LAPTOP\\OneDrive\\Desktop\\Multi-Vendor E-Commerce Backend API\\node_modules\\supertest\\lib\\test.js:365:13\n    at Test._assertFunction (C:\\Users\\MY LAPTOP\\OneDrive\\Desktop\\Multi-Vendor E-Commerce Backend API\\node_modules\\supertest\\lib\\test.js:342:13)\n    at Test.assert (C:\\Users\\MY LAPTOP\\OneDrive\\Desktop\\Multi-Vendor E-Commerce Backend API\\node_modules\\supertest\\lib\\test.js:195:23)\n    at localAssert (C:\\Users\\MY LAPTOP\\OneDrive\\Desktop\\Multi-Vendor E-Commerce Backend API\\node_modules\\supertest\\lib\\test.js:138:14)\n    at Server.<anonymous> (C:\\Users\\MY LAPTOP\\OneDrive\\Desktop\\Multi-Vendor E-Commerce Backend API\\node_modules\\supertest\\lib\\test.js:152:11)\n    at Object.onceWrapper (node:events:630:28)\n    at Server.emit (node:events:509:28)\n    at emitCloseNT (node:net:2488:8)\n    at processTicksAndRejections (node:internal/process/task_queues:89:21)"],"fullName":"Cart endpoints POST /api/v1/cart/items adds a new item to the cart","invocations":1,"location":null,"numPassingAsserts":0,"retryReasons":[],"startAt":1787995703934,"status":"failed","title":"adds a new item to the cart"},{"ancestorTitles":["Cart endpoints","POST /api/v1/cart/items"],"duration":784,"failing":false,"failureDetails":[{}],"failureMessages":["Error: expected 200 \"OK\", got 400 \"Bad Request\"\n    at Object.expect (C:\\Users\\MY LAPTOP\\OneDrive\\Desktop\\Multi-Vendor E-Commerce Backend API\\tests\\cart.test.js:61:18)\n    at Promise.finally.completed (C:\\Users\\MY LAPTOP\\OneDrive\\Desktop\\Multi-Vendor E-Commerce Backend API\\node_modules\\jest-circus\\build\\jestAdapterInit.js:1561:28)\n    at new Promise (<anonymous>)\n    at callAsyncCircusFn (C:\\Users\\MY LAPTOP\\OneDrive\\Desktop\\Multi-Vendor E-Commerce Backend API\\node_modules\\jest-circus\\build\\jestAdapterInit.js:1501:10)\n    at _callCircusTest (C:\\Users\\MY LAPTOP\\OneDrive\\Desktop\\Multi-Vendor E-Commerce Backend API\\node_modules\\jest-circus\\build\\jestAdapterInit.js:1011:40)\n    at processTicksAndRejections (node:internal/process/task_queues:104:5)\n    at _runTest (C:\\Users\\MY LAPTOP\\OneDrive\\Desktop\\Multi-Vendor E-Commerce Backend API\\node_modules\\jest-circus\\build\\jestAdapterInit.js:951:3)\n    at C:\\Users\\MY LAPTOP\\OneDrive\\Desktop\\Multi-Vendor E-Commerce Backend API\\node_modules\\jest-circus\\build\\jestAdapterInit.js:853:7\n    at _runTestsForDescribeBlock (C:\\Users\\MY LAPTOP\\OneDrive\\Desktop\\Multi-Vendor E-Commerce Backend API\\node_modules\\jest-circus\\build\\jestAdapterInit.js:866:11)\n    at _runTestsForDescribeBlock (C:\\Users\\MY LAPTOP\\OneDrive\\Desktop\\Multi-Vendor E-Commerce Backend API\\node_modules\\jest-circus\\build\\jestAdapterInit.js:861:11)\n    at _runTestsForDescribeBlock (C:\\Users\\MY LAPTOP\\OneDrive\\Desktop\\Multi-Vendor E-Commerce Backend API\\node_modules\\jest-circus\\build\\jestAdapterInit.js:861:11)\n    at run (C:\\Users\\MY LAPTOP\\OneDrive\\Desktop\\Multi-Vendor E-Commerce Backend API\\node_modules\\jest-circus\\build\\jestAdapterInit.js:765:3)\n    at runAndTransformResultsToJestFormat (C:\\Users\\MY LAPTOP\\OneDrive\\Desktop\\Multi-Vendor E-Commerce Backend API\\node_modules\\jest-circus\\build\\jestAdapterInit.js:1993:21)\n    at jestAdapter (C:\\Users\\MY LAPTOP\\OneDrive\\Desktop\\Multi-Vendor E-Commerce Backend API\\node_modules\\jest-circus\\build\\runner.js:111:19)\n    at runTestInternal (C:\\Users\\MY LAPTOP\\OneDrive\\Desktop\\Multi-Vendor E-Commerce Backend API\\node_modules\\jest-runner\\build\\index.js:276:16)\n    at runTest (C:\\Users\\MY LAPTOP\\OneDrive\\Desktop\\Multi-Vendor E-Commerce Backend API\\node_modules\\jest-runner\\build\\index.js:344:7)\n----\n    at Test._assertStatus (C:\\Users\\MY LAPTOP\\OneDrive\\Desktop\\Multi-Vendor E-Commerce Backend API\\node_modules\\supertest\\lib\\test.js:309:14)\n    at C:\\Users\\MY LAPTOP\\OneDrive\\Desktop\\Multi-Vendor E-Commerce Backend API\\node_modules\\supertest\\lib\\test.js:365:13\n    at Test._assertFunction (C:\\Users\\MY LAPTOP\\OneDrive\\Desktop\\Multi-Vendor E-Commerce Backend API\\node_modules\\supertest\\lib\\test.js:342:13)\n    at Test.assert (C:\\Users\\MY LAPTOP\\OneDrive\\Desktop\\Multi-Vendor E-Commerce Backend API\\node_modules\\supertest\\lib\\test.js:195:23)\n    at localAssert (C:\\Users\\MY LAPTOP\\OneDrive\\Desktop\\Multi-Vendor E-Commerce Backend API\\node_modules\\supertest\\lib\\test.js:138:14)\n    at Server.<anonymous> (C:\\Users\\MY LAPTOP\\OneDrive\\Desktop\\Multi-Vendor E-Commerce Backend API\\node_modules\\supertest\\lib\\test.js:152:11)\n    at Object.onceWrapper (node:events:630:28)\n    at Server.emit (node:events:509:28)\n    at emitCloseNT (node:net:2488:8)\n    at processTicksAndRejections (node:internal/process/task_queues:89:21)"],"fullName":"Cart endpoints POST /api/v1/cart/items increments quantity when adding the same product again","invocations":1,"location":null,"numPassingAsserts":0,"retryReasons":[],"startAt":1787995705320,"status":"failed","title":"increments quantity when adding the same product again"},{"ancestorTitles":["Cart endpoints","POST /api/v1/cart/items"],"duration":914,"failing":false,"failureDetails":[{"matcherResult":{"message":"\u001b[2mexpect(\u001b[22m\u001b[31mreceived\u001b[39m\u001b[2m).\u001b[22mtoMatch\u001b[2m(\u001b[22m\u001b[32mexpected\u001b[39m\u001b[2m)\u001b[22m\n\nExpected pattern: \u001b[32m/available stock|exceeds/i\u001b[39m\nReceived string:  \u001b[31m\"Route POST /api/v1/cart/items not found\"\u001b[39m","pass":false}}],"failureMessages":["Error: \u001b[2mexpect(\u001b[22m\u001b[31mreceived\u001b[39m\u001b[2m).\u001b[22mtoMatch\u001b[2m(\u001b[22m\u001b[32mexpected\u001b[39m\u001b[2m)\u001b[22m\n\nExpected pattern: \u001b[32m/available stock|exceeds/i\u001b[39m\nReceived string:  \u001b[31m\"Route POST /api/v1/cart/items not found\"\u001b[39m\n    at Object.toMatch (C:\\Users\\MY LAPTOP\\OneDrive\\Desktop\\Multi-Vendor E-Commerce Backend API\\tests\\cart.test.js:82:41)\n    at processTicksAndRejections (node:internal/process/task_queues:104:5)"],"fullName":"Cart endpoints POST /api/v1/cart/items rejects when quantity exceeds available stock","invocations":1,"location":null,"numPassingAsserts":1,"retryReasons":[],"startAt":1787995706105,"status":"failed","title":"rejects when quantity exceeds available stock"},{"ancestorTitles":["Cart endpoints","GET /api/v1/cart"],"duration":761,"failing":false,"failureDetails":[{}],"failureMessages":["Error: expected 200 \"OK\", got 400 \"Bad Request\"\n    at Object.expect (C:\\Users\\MY LAPTOP\\OneDrive\\Desktop\\Multi-Vendor E-Commerce Backend API\\tests\\cart.test.js:92:18)\n    at Promise.finally.completed (C:\\Users\\MY LAPTOP\\OneDrive\\Desktop\\Multi-Vendor E-Commerce Backend API\\node_modules\\jest-circus\\build\\jestAdapterInit.js:1561:28)\n    at new Promise (<anonymous>)\n    at callAsyncCircusFn (C:\\Users\\MY LAPTOP\\OneDrive\\Desktop\\Multi-Vendor E-Commerce Backend API\\node_modules\\jest-circus\\build\\jestAdapterInit.js:1501:10)\n    at _callCircusTest (C:\\Users\\MY LAPTOP\\OneDrive\\Desktop\\Multi-Vendor E-Commerce Backend API\\node_modules\\jest-circus\\build\\jestAdapterInit.js:1011:40)\n    at processTicksAndRejections (node:internal/process/task_queues:104:5)\n    at _runTest (C:\\Users\\MY LAPTOP\\OneDrive\\Desktop\\Multi-Vendor E-Commerce Backend API\\node_modules\\jest-circus\\build\\jestAdapterInit.js:951:3)\n    at C:\\Users\\MY LAPTOP\\OneDrive\\Desktop\\Multi-Vendor E-Commerce Backend API\\node_modules\\jest-circus\\build\\jestAdapterInit.js:853:7\n    at _runTestsForDescribeBlock (C:\\Users\\MY LAPTOP\\OneDrive\\Desktop\\Multi-Vendor E-Commerce Backend API\\node_modules\\jest-circus\\build\\jestAdapterInit.js:866:11)\n    at _runTestsForDescribeBlock (C:\\Users\\MY LAPTOP\\OneDrive\\Desktop\\Multi-Vendor E-Commerce Backend API\\node_modules\\jest-circus\\build\\jestAdapterInit.js:861:11)\n    at _runTestsForDescribeBlock (C:\\Users\\MY LAPTOP\\OneDrive\\Desktop\\Multi-Vendor E-Commerce Backend API\\node_modules\\jest-circus\\build\\jestAdapterInit.js:861:11)\n    at run (C:\\Users\\MY LAPTOP\\OneDrive\\Desktop\\Multi-Vendor E-Commerce Backend API\\node_modules\\jest-circus\\build\\jestAdapterInit.js:765:3)\n    at runAndTransformResultsToJestFormat (C:\\Users\\MY LAPTOP\\OneDrive\\Desktop\\Multi-Vendor E-Commerce Backend API\\node_modules\\jest-circus\\build\\jestAdapterInit.js:1993:21)\n    at jestAdapter (C:\\Users\\MY LAPTOP\\OneDrive\\Desktop\\Multi-Vendor E-Commerce Backend API\\node_modules\\jest-circus\\build\\runner.js:111:19)\n    at runTestInternal (C:\\Users\\MY LAPTOP\\OneDrive\\Desktop\\Multi-Vendor E-Commerce Backend API\\node_modules\\jest-runner\\build\\index.js:276:16)\n    at runTest (C:\\Users\\MY LAPTOP\\OneDrive\\Desktop\\Multi-Vendor E-Commerce Backend API\\node_modules\\jest-runner\\build\\index.js:344:7)\n----\n    at Test._assertStatus (C:\\Users\\MY LAPTOP\\OneDrive\\Desktop\\Multi-Vendor E-Commerce Backend API\\node_modules\\supertest\\lib\\test.js:309:14)\n    at C:\\Users\\MY LAPTOP\\OneDrive\\Desktop\\Multi-Vendor E-Commerce Backend API\\node_modules\\supertest\\lib\\test.js:365:13\n    at Test._assertFunction (C:\\Users\\MY LAPTOP\\OneDrive\\Desktop\\Multi-Vendor E-Commerce Backend API\\node_modules\\supertest\\lib\\test.js:342:13)\n    at Test.assert (C:\\Users\\MY LAPTOP\\OneDrive\\Desktop\\Multi-Vendor E-Commerce Backend API\\node_modules\\supertest\\lib\\test.js:195:23)\n    at localAssert (C:\\Users\\MY LAPTOP\\OneDrive\\Desktop\\Multi-Vendor E-Commerce Backend API\\node_modules\\supertest\\lib\\test.js:138:14)\n    at Server.<anonymous> (C:\\Users\\MY LAPTOP\\OneDrive\\Desktop\\Multi-Vendor E-Commerce Backend API\\node_modules\\supertest\\lib\\test.js:152:11)\n    at Object.onceWrapper (node:events:630:28)\n    at Server.emit (node:events:509:28)\n    at emitCloseNT (node:net:2488:8)\n    at processTicksAndRejections (node:internal/process/task_queues:89:21)"],"fullName":"Cart endpoints GET /api/v1/cart returns correct computed total","invocations":1,"location":null,"numPassingAsserts":0,"retryReasons":[],"startAt":1787995707020,"status":"failed","title":"returns correct computed total"}],"endTime":1787995707829,"message":"\u001b[1m\u001b[31m  \u001b[1m● \u001b[22m\u001b[1mCart endpoints › POST /api/v1/cart/items › adds a new item to the cart\u001b[39m\u001b[22m\n\n    expected 200 \"OK\", got 400 \"Bad Request\"\n\u001b[2m\u001b[22m\n\u001b[2m    \u001b[0m \u001b[90m 44 |\u001b[39m                 \u001b[33m.\u001b[39m\u001b[36mset\u001b[39m(\u001b[32m'Authorization'\u001b[39m\u001b[33m,\u001b[39m \u001b[32m`Bearer ${customerToken}`\u001b[39m)\u001b[22m\n\u001b[2m     \u001b[90m 45 |\u001b[39m                 \u001b[33m.\u001b[39msend({ productId\u001b[33m,\u001b[39m quantity\u001b[33m:\u001b[39m \u001b[35m2\u001b[39m })\u001b[22m\n\u001b[2m    \u001b[31m\u001b[1m>\u001b[22m\u001b[2m\u001b[39m\u001b[90m 46 |\u001b[39m                 \u001b[33m.\u001b[39mexpect(\u001b[35m200\u001b[39m)\u001b[22m\n\u001b[2m     \u001b[90m    |\u001b[39m                  \u001b[31m\u001b[1m^\u001b[22m\u001b[2m\u001b[39m\u001b[22m\n\u001b[2m     \u001b[90m 47 |\u001b[39m\u001b[22m\n\u001b[2m     \u001b[90m 48 |\u001b[39m             expect(response\u001b[33m.\u001b[39mbody\u001b[33m.\u001b[39msuccess)\u001b[33m.\u001b[39mtoBe(\u001b[36mtrue\u001b[39m)\u001b[22m\n\u001b[2m     \u001b[90m 49 |\u001b[39m             expect(response\u001b[33m.\u001b[39mbody\u001b[33m.\u001b[39mdata\u001b[33m.\u001b[39mitems)\u001b[33m.\u001b[39mtoHaveLength(\u001b[35m1\u001b[39m)\u001b[0m\u001b[22m\n\u001b[2m\u001b[22m\n\u001b[2m      \u001b[2mat Object.expect (\u001b[22m\u001b[2m\u001b[0m\u001b[36mtests/cart.test.js\u001b[39m\u001b[0m\u001b[2m:46:18)\u001b[22m\u001b[2m\u001b[22m\n\u001b[2m      ----\u001b[22m\n\u001b[2m      \u001b[2mat Test._assertStatus (\u001b[22m\u001b[2m\u001b[0m\u001b[36mnode_modules/supertest/lib/test.js\u001b[39m\u001b[0m\u001b[2m:309:14)\u001b[22m\u001b[2m\u001b[22m\n\u001b[2m      \u001b[2mat \u001b[22m\u001b[2m\u001b[0m\u001b[36mnode_modules/supertest/lib/test.js\u001b[39m\u001b[0m\u001b[2m:365:13\u001b[22m\u001b[2m\u001b[22m\n\u001b[2m      \u001b[2mat Test._assertFunction (\u001b[22m\u001b[2m\u001b[0m\u001b[36mnode_modules/supertest/lib/test.js\u001b[39m\u001b[0m\u001b[2m:342:13)\u001b[22m\u001b[2m\u001b[22m\n\u001b[2m      \u001b[2mat Test.assert (\u001b[22m\u001b[2m\u001b[0m\u001b[36mnode_modules/supertest/lib/test.js\u001b[39m\u001b[0m\u001b[2m:195:23)\u001b[22m\u001b[2m\u001b[22m\n\u001b[2m      \u001b[2mat localAssert (\u001b[22m\u001b[2m\u001b[0m\u001b[36mnode_modules/supertest/lib/test.js\u001b[39m\u001b[0m\u001b[2m:138:14)\u001b[22m\u001b[2m\u001b[22m\n\u001b[2m      \u001b[2mat Server.<anonymous> (\u001b[22m\u001b[2m\u001b[0m\u001b[36mnode_modules/supertest/lib/test.js\u001b[39m\u001b[0m\u001b[2m:152:11)\u001b[22m\u001b[2m\u001b[22m\n\n\u001b[1m\u001b[31m  \u001b[1m● \u001b[22m\u001b[1mCart endpoints › POST /api/v1/cart/items › increments quantity when adding the same product again\u001b[39m\u001b[22m\n\n    expected 200 \"OK\", got 400 \"Bad Request\"\n\u001b[2m\u001b[22m\n\u001b[2m    \u001b[0m \u001b[90m 59 |\u001b[39m                 \u001b[33m.\u001b[39m\u001b[36mset\u001b[39m(\u001b[32m'Authorization'\u001b[39m\u001b[33m,\u001b[39m \u001b[32m`Bearer ${customerToken}`\u001b[39m)\u001b[22m\n\u001b[2m     \u001b[90m 60 |\u001b[39m                 \u001b[33m.\u001b[39msend({ productId\u001b[33m,\u001b[39m quantity\u001b[33m:\u001b[39m \u001b[35m2\u001b[39m })\u001b[22m\n\u001b[2m    \u001b[31m\u001b[1m>\u001b[22m\u001b[2m\u001b[39m\u001b[90m 61 |\u001b[39m                 \u001b[33m.\u001b[39mexpect(\u001b[35m200\u001b[39m)\u001b[22m\n\u001b[2m     \u001b[90m    |\u001b[39m                  \u001b[31m\u001b[1m^\u001b[22m\u001b[2m\u001b[39m\u001b[22m\n\u001b[2m     \u001b[90m 62 |\u001b[39m\u001b[22m\n\u001b[2m     \u001b[90m 63 |\u001b[39m             \u001b[36mconst\u001b[39m response \u001b[33m=\u001b[39m \u001b[36mawait\u001b[39m request(app)\u001b[22m\n\u001b[2m     \u001b[90m 64 |\u001b[39m                 \u001b[33m.\u001b[39mpost(\u001b[32m'/api/v1/cart/items'\u001b[39m)\u001b[0m\u001b[22m\n\u001b[2m\u001b[22m\n\u001b[2m      \u001b[2mat Object.expect (\u001b[22m\u001b[2m\u001b[0m\u001b[36mtests/cart.test.js\u001b[39m\u001b[0m\u001b[2m:61:18)\u001b[22m\u001b[2m\u001b[22m\n\u001b[2m      ----\u001b[22m\n\u001b[2m      \u001b[2mat Test._assertStatus (\u001b[22m\u001b[2m\u001b[0m\u001b[36mnode_modules/supertest/lib/test.js\u001b[39m\u001b[0m\u001b[2m:309:14)\u001b[22m\u001b[2m\u001b[22m\n\u001b[2m      \u001b[2mat \u001b[22m\u001b[2m\u001b[0m\u001b[36mnode_modules/supertest/lib/test.js\u001b[39m\u001b[0m\u001b[2m:365:13\u001b[22m\u001b[2m\u001b[22m\n\u001b[2m      \u001b[2mat Test._assertFunction (\u001b[22m\u001b[2m\u001b[0m\u001b[36mnode_modules/supertest/lib/test.js\u001b[39m\u001b[0m\u001b[2m:342:13)\u001b[22m\u001b[2m\u001b[22m\n\u001b[2m      \u001b[2mat Test.assert (\u001b[22m\u001b[2m\u001b[0m\u001b[36mnode_modules/supertest/lib/test.js\u001b[39m\u001b[0m\u001b[2m:195:23)\u001b[22m\u001b[2m\u001b[22m\n\u001b[2m      \u001b[2mat localAssert (\u001b[22m\u001b[2m\u001b[0m\u001b[36mnode_modules/supertest/lib/test.js\u001b[39m\u001b[0m\u001b[2m:138:14)\u001b[22m\u001b[2m\u001b[22m\n\u001b[2m      \u001b[2mat Server.<anonymous> (\u001b[22m\u001b[2m\u001b[0m\u001b[36mnode_modules/supertest/lib/test.js\u001b[39m\u001b[0m\u001b[2m:152:11)\u001b[22m\u001b[2m\u001b[22m\n\n\u001b[1m\u001b[31m  \u001b[1m● \u001b[22m\u001b[1mCart endpoints › POST /api/v1/cart/items › rejects when quantity exceeds available stock\u001b[39m\u001b[22m\n\n    \u001b[2mexpect(\u001b[22m\u001b[31mreceived\u001b[39m\u001b[2m).\u001b[22mtoMatch\u001b[2m(\u001b[22m\u001b[32mexpected\u001b[39m\u001b[2m)\u001b[22m\n\n    Expected pattern: \u001b[32m/available stock|exceeds/i\u001b[39m\n    Received string:  \u001b[31m\"Route POST /api/v1/cart/items not found\"\u001b[39m\n\u001b[2m\u001b[22m\n\u001b[2m    \u001b[0m \u001b[90m 80 |\u001b[39m\u001b[22m\n\u001b[2m     \u001b[90m 81 |\u001b[39m             expect(response\u001b[33m.\u001b[39mbody)\u001b[33m.\u001b[39mtoHaveProperty(\u001b[32m'error'\u001b[39m)\u001b[22m\n\u001b[2m    \u001b[31m\u001b[1m>\u001b[22m\u001b[2m\u001b[39m\u001b[90m 82 |\u001b[39m             expect(response\u001b[33m.\u001b[39mbody\u001b[33m.\u001b[39merror)\u001b[33m.\u001b[39mtoMatch(\u001b[35m/available stock|exceeds/i\u001b[39m)\u001b[22m\n\u001b[2m     \u001b[90m    |\u001b[39m                                         \u001b[31m\u001b[1m^\u001b[22m\u001b[2m\u001b[39m\u001b[22m\n\u001b[2m     \u001b[90m 83 |\u001b[39m         })\u001b[22m\n\u001b[2m     \u001b[90m 84 |\u001b[39m     })\u001b[22m\n\u001b[2m     \u001b[90m 85 |\u001b[39m\u001b[0m\u001b[22m\n\u001b[2m\u001b[22m\n\u001b[2m      \u001b[2mat Object.toMatch (\u001b[22m\u001b[2m\u001b[0m\u001b[36mtests/cart.test.js\u001b[39m\u001b[0m\u001b[2m:82:41)\u001b[22m\u001b[2m\u001b[22m\n\n\u001b[1m\u001b[31m  \u001b[1m● \u001b[22m\u001b[1mCart endpoints › GET /api/v1/cart › returns correct computed total\u001b[39m\u001b[22m\n\n    expected 200 \"OK\", got 400 \"Bad Request\"\n\u001b[2m\u001b[22m\n\u001b[2m    \u001b[0m \u001b[90m 90 |\u001b[39m                 \u001b[33m.\u001b[39m\u001b[36mset\u001b[39m(\u001b[32m'Authorization'\u001b[39m\u001b[33m,\u001b[39m \u001b[32m`Bearer ${customerToken}`\u001b[39m)\u001b[22m\n\u001b[2m     \u001b[90m 91 |\u001b[39m                 \u001b[33m.\u001b[39msend({ productId\u001b[33m,\u001b[39m quantity\u001b[33m:\u001b[39m \u001b[35m3\u001b[39m })\u001b[22m\n\u001b[2m    \u001b[31m\u001b[1m>\u001b[22m\u001b[2m\u001b[39m\u001b[90m 92 |\u001b[39m                 \u001b[33m.\u001b[39mexpect(\u001b[35m200\u001b[39m)\u001b[22m\n\u001b[2m     \u001b[90m    |\u001b[39m                  \u001b[31m\u001b[1m^\u001b[22m\u001b[2m\u001b[39m\u001b[22m\n\u001b[2m     \u001b[90m 93 |\u001b[39m\u001b[22m\n\u001b[2m     \u001b[90m 94 |\u001b[39m             \u001b[36mconst\u001b[39m response \u001b[33m=\u001b[39m \u001b[36mawait\u001b[39m request(app)\u001b[22m\n\u001b[2m     \u001b[90m 95 |\u001b[39m                 \u001b[33m.\u001b[39m\u001b[36mget\u001b[39m(\u001b[32m'/api/v1/cart'\u001b[39m)\u001b[0m\u001b[22m\n\u001b[2m\u001b[22m\n\u001b[2m      \u001b[2mat Object.expect (\u001b[22m\u001b[2m\u001b[0m\u001b[36mtests/cart.test.js\u001b[39m\u001b[0m\u001b[2m:92:18)\u001b[22m\u001b[2m\u001b[22m\n\u001b[2m      ----\u001b[22m\n\u001b[2m      \u001b[2mat Test._assertStatus (\u001b[22m\u001b[2m\u001b[0m\u001b[36mnode_modules/supertest/lib/test.js\u001b[39m\u001b[0m\u001b[2m:309:14)\u001b[22m\u001b[2m\u001b[22m\n\u001b[2m      \u001b[2mat \u001b[22m\u001b[2m\u001b[0m\u001b[36mnode_modules/supertest/lib/test.js\u001b[39m\u001b[0m\u001b[2m:365:13\u001b[22m\u001b[2m\u001b[22m\n\u001b[2m      \u001b[2mat Test._assertFunction (\u001b[22m\u001b[2m\u001b[0m\u001b[36mnode_modules/supertest/lib/test.js\u001b[39m\u001b[0m\u001b[2m:342:13)\u001b[22m\u001b[2m\u001b[22m\n\u001b[2m      \u001b[2mat Test.assert (\u001b[22m\u001b[2m\u001b[0m\u001b[36mnode_modules/supertest/lib/test.js\u001b[39m\u001b[0m\u001b[2m:195:23)\u001b[22m\u001b[2m\u001b[22m\n\u001b[2m      \u001b[2mat localAssert (\u001b[22m\u001b[2m\u001b[0m\u001b[36mnode_modules/supertest/lib/test.js\u001b[39m\u001b[0m\u001b[2m:138:14)\u001b[22m\u001b[2m\u001b[22m\n\u001b[2m      \u001b[2mat Server.<anonymous> (\u001b[22m\u001b[2m\u001b[0m\u001b[36mnode_modules/supertest/lib/test.js\u001b[39m\u001b[0m\u001b[2m:152:11)\u001b[22m\u001b[2m\u001b[22m\n","name":"C:\\Users\\MY LAPTOP\\OneDrive\\Desktop\\Multi-Vendor E-Commerce Backend API\\tests\\cart.test.js","startTime":1787995701439,"status":"failed","summary":""}],"wasInterrupted":false}
